[ AutoCAD - Thu Jan 02 13:10:02 2025  ]----------------------------------------

Loading Modeler DLLs.

Opening an AutoCAD 2018 format file.


AutoCAD menu utilities loaded.*Cancel*

Command: 

Autodesk DWG.  This file is a TrustedDWG last saved by an Autodesk application or Autodesk licensed application.

Command: 

Command: 
Command: CMPH_LLSTART
Initializing LiveLink for COMSOL
Customization file loaded successfully. Customization Group: AMPP
Customization file loaded successfully. Customization Group: AMACAD
Customization file loaded successfully. Customization Group: MODELDOC
Customization file loaded successfully. Customization Group: EXPRESS
Customization file loaded successfully. Customization Group: APPMANAGER
Customization file loaded successfully. Customization Group: FEATUREDAPPS
Customization file loaded successfully. Customization Group: LIVELINKFORCOMSOL


Command: 
Command:  
Command:  
Command: _Options 
Command: *Cancel*

Command: *Cancel*

Command: _quit 
Command: 
