[ AutoCAD - Thu Dec 26 17:14:58 2024  ]----------------------------------------

Loading Modeler DLLs.

Opening an AutoCAD 2018 format file.


AutoCAD menu utilities loaded.*Cancel*

Command: 

Autodesk DWG.  This file is a TrustedDWG last saved by an Autodesk application or Autodesk licensed application.

Command: 

Command: 
Command: CMPH_LLSTART
Initializing LiveLink for COMSOL
Customization file loaded successfully. Customization Group: AMPP
Customization file loaded successfully. Customization Group: AMACAD
Customization file loaded successfully. Customization Group: MODELDOC
Customization file loaded successfully. Customization Group: EXPRESS
Customization file loaded successfully. Customization Group: APPMANAGER
Customization file loaded successfully. Customization Group: FEATUREDAPPS
Customization file loaded successfully. Customization Group: LIVELINKFORCOMSOL


Command: 
Command:  
Command:  
Command:  
Command:  
Command: *Cancel*

Command: *Cancel*

Command:   <Switching to: Layout1>
Regenerating layout.
Regenerating model - caching viewports.

Command: 
Command: _.erase 1 found

Command: 
Command: 
Command: _.erase 2 found

Command: 
Command: _.erase 1 found

Command: 
Command: 
Command: _VIEWBASE 
Specify model source [Model space/File] <Model space>: _M 
Type = Base and Projected  Hidden Lines = Visible and hidden lines  Scale = 3/8" = 1'-0"
Specify location of base view or [Type/sElect/Orientation/Hidden lines/Scale/Visibility] <Type>: 
Select option [sElect/Orientation/Hidden lines/Scale/Visibility/Move/eXit] <eXit>: X

Specify location of projected view or <eXit>: *Cancel*

Command: 
Command: 
Command: _VIEWBASE 
Specify model source [Model space/File] <Model space>: _M 
Type = Base and Projected  Hidden Lines = Visible and hidden lines  Scale = 3/8" = 1'-0"
Specify location of base view or [Type/sElect/Orientation/Hidden lines/Scale/Visibility] <Type>: 
Select option [sElect/Orientation/Hidden lines/Scale/Visibility/Move/eXit] <eXit>: X

Specify location of projected view or <eXit>: 
Specify location of projected view or [Undo/eXit] <eXit>: *Cancel*

Command: 
Command: 
Command: _VIEWBASE 
Specify model source [Model space/File] <Model space>: _M 
Type = Base and Projected  Hidden Lines = Visible and hidden lines  Scale = 3/8" = 1'-0"
Specify location of base view or [Type/sElect/Orientation/Hidden lines/Scale/Visibility] <Type>: 
Select option [sElect/Orientation/Hidden lines/Scale/Visibility/Move/eXit] <eXit>: X

Specify location of projected view or <eXit>: 
Specify location of projected view or [Undo/eXit] <eXit>: 
Specify location of projected view or [Undo/eXit] <eXit>: 
Specify location of projected view or [Undo/eXit] <eXit>: 

Base and 3 projected view(s) created successfully.
Command: 
Command: _.erase 1 found

Command: 
Command: _.erase 1 found

Command: 
Command: _.erase 1 found

Command: 
Command: _.erase 1 found

Command: *Cancel*

Command: *Cancel*

Command:   <Switching to: Model>
Restoring cached viewports.

Command:  
Command: *Cancel*

Command: *Cancel*

Command:   <Switching to: Layout1>
Restoring cached viewports - Regenerating layout.

Command: 
Command: 
Command: _VIEWBASE 
Specify model source [Model space/File] <Model space>: _M 
Type = Base and Projected  Hidden Lines = Visible and hidden lines  Scale = 3/8" = 1'-0"
Specify location of base view or [Type/sElect/Orientation/Hidden lines/Scale/Visibility] <Type>: 
Select option [sElect/Orientation/Hidden lines/Scale/Visibility/Move/eXit] <eXit>: X

Specify location of projected view or <eXit>: 
Specify location of projected view or [Undo/eXit] <eXit>: 
Specify location of projected view or [Undo/eXit] <eXit>: 
Specify location of projected view or [Undo/eXit] <eXit>: 

Base and 3 projected view(s) created successfully.
Command: 
Command: 
Command: _viewedit 
Select view: *Cancel*

Command: 
Command: _-vports 
Specify corner of viewport or [ON/OFF/Fit/Shadeplot/Lock/NEw/NAmed/Object/Polygonal/Restore/LAyer/2/3/4] <Fit>: 
Specify opposite corner: 
Command: *Cancel*

Command: 
Command: 
Command: _.undo Current settings: Auto = Off, Control = All, Combine = Yes, Layer = Yes
Enter the number of operations to undo or [Auto/Control/BEgin/End/Mark/Back] <1>: 1 -VPORTS 
Command: 
Command: 
Command: _pagesetup 
Automatic save to C:\Users\FASGHA~1.UG2\AppData\Local\Temp\Frais Asghar_1_4940_6ff322f3.sv$ ...

Command: 
Command: 
Command: 
Command: 
Command: _layout 
Enter layout option [Copy/Delete/New/Template/Rename/SAveas/Set/?] <set>: _template 
Command: 
Command: 
Command: 
Command: _QSave 
Command: 
Command: 
Command: _QSave 
Command: 
Command: 
Command: _QSave 
Command: *Cancel*

Command: *Cancel*

Command: _quit 
Command: 
